2022-04-14 16:22:27,199 INFO org.springframework.test.context.support.AbstractTestContextBootstrapper [main] Neither @ContextConfiguration nor @ContextHierarchy found for test class [com.rofik.springpostgres.SpringStarterApplicationTests], using SpringBootContextLoader
2022-04-14 16:22:27,211 INFO org.springframework.test.context.support.AbstractContextLoader [main] Could not detect default resource locations for test class [com.rofik.springpostgres.SpringStarterApplicationTests]: no resource found for suffixes {-context.xml, Context.groovy}.
2022-04-14 16:22:27,213 INFO org.springframework.test.context.support.AnnotationConfigContextLoaderUtils [main] Could not detect default configuration classes for test class [com.rofik.springpostgres.SpringStarterApplicationTests]: SpringStarterApplicationTests does not declare any static, non-private, non-final, nested classes annotated with @Configuration.
2022-04-14 16:22:27,423 INFO org.springframework.boot.test.context.SpringBootTestContextBootstrapper [main] Found @SpringBootConfiguration com.rofik.springpostgres.SpringStarterApplication for test class com.rofik.springpostgres.SpringStarterApplicationTests
2022-04-14 16:22:27,733 INFO org.springframework.test.context.support.AbstractTestContextBootstrapper [main] Loaded default TestExecutionListener class names from location [META-INF/spring.factories]: [org.springframework.boot.test.mock.mockito.MockitoTestExecutionListener, org.springframework.boot.test.mock.mockito.ResetMocksTestExecutionListener, org.springframework.boot.test.autoconfigure.restdocs.RestDocsTestExecutionListener, org.springframework.boot.test.autoconfigure.web.client.MockRestServiceServerResetTestExecutionListener, org.springframework.boot.test.autoconfigure.web.servlet.MockMvcPrintOnlyOnFailureTestExecutionListener, org.springframework.boot.test.autoconfigure.web.servlet.WebDriverTestExecutionListener, org.springframework.boot.test.autoconfigure.webservices.client.MockWebServiceServerTestExecutionListener, org.springframework.test.context.web.ServletTestExecutionListener, org.springframework.test.context.support.DirtiesContextBeforeModesTestExecutionListener, org.springframework.test.context.event.ApplicationEventsTestExecutionListener, org.springframework.test.context.support.DependencyInjectionTestExecutionListener, org.springframework.test.context.support.DirtiesContextTestExecutionListener, org.springframework.test.context.transaction.TransactionalTestExecutionListener, org.springframework.test.context.jdbc.SqlScriptsTestExecutionListener, org.springframework.test.context.event.EventPublishingTestExecutionListener]
2022-04-14 16:22:27,793 INFO org.springframework.test.context.support.AbstractTestContextBootstrapper [main] Using TestExecutionListeners: [org.springframework.test.context.web.ServletTestExecutionListener@37ddb69a, org.springframework.test.context.support.DirtiesContextBeforeModesTestExecutionListener@349c1daf, org.springframework.test.context.event.ApplicationEventsTestExecutionListener@dfddc9a, org.springframework.boot.test.mock.mockito.MockitoTestExecutionListener@4b9df8a, org.springframework.boot.test.autoconfigure.SpringBootDependencyInjectionTestExecutionListener@5e8ac0e1, org.springframework.test.context.support.DirtiesContextTestExecutionListener@aafcffa, org.springframework.test.context.transaction.TransactionalTestExecutionListener@6955cb39, org.springframework.test.context.jdbc.SqlScriptsTestExecutionListener@235a0c16, org.springframework.test.context.event.EventPublishingTestExecutionListener@2b5f4d54, org.springframework.boot.test.mock.mockito.ResetMocksTestExecutionListener@5f7b97da, org.springframework.boot.test.autoconfigure.restdocs.RestDocsTestExecutionListener@18b0930f, org.springframework.boot.test.autoconfigure.web.client.MockRestServiceServerResetTestExecutionListener@6b7906b3, org.springframework.boot.test.autoconfigure.web.servlet.MockMvcPrintOnlyOnFailureTestExecutionListener@3a1dd365, org.springframework.boot.test.autoconfigure.web.servlet.WebDriverTestExecutionListener@395b56bb, org.springframework.boot.test.autoconfigure.webservices.client.MockWebServiceServerTestExecutionListener@256f8274]
2022-04-14 16:22:28,360 INFO org.springframework.boot.StartupInfoLogger [main] Starting SpringStarterApplicationTests using Java 17 on DESKTOP-R9I1IFT with PID 12516 (started by rofik in C:\Development\spring-starter)
2022-04-14 16:22:28,363 INFO org.springframework.boot.SpringApplication [main] No active profile set, falling back to 1 default profile: "default"
2022-04-14 16:22:29,892 INFO org.springframework.data.repository.config.RepositoryConfigurationDelegate [main] Bootstrapping Spring Data JPA repositories in DEFAULT mode.
2022-04-14 16:22:30,007 INFO org.springframework.data.repository.config.RepositoryConfigurationDelegate [main] Finished Spring Data repository scanning in 92 ms. Found 2 JPA repository interfaces.
2022-04-14 16:22:30,888 WARN org.springframework.context.support.AbstractApplicationContext [main] Exception encountered during context initialization - cancelling refresh attempt: org.springframework.beans.factory.BeanCreationException: Error creating bean with name 'flyway' defined in class path resource [org/springframework/boot/autoconfigure/flyway/FlywayAutoConfiguration$FlywayConfiguration.class]: Bean instantiation via factory method failed; nested exception is org.springframework.beans.BeanInstantiationException: Failed to instantiate [org.flywaydb.core.Flyway]: Factory method 'flyway' threw exception; nested exception is org.springframework.boot.autoconfigure.flyway.FlywayMigrationScriptMissingException: Cannot find migration scripts in: [classpath:db/migration] (please add migration scripts or check your Flyway configuration)
2022-04-14 16:22:30,901 INFO org.springframework.boot.autoconfigure.logging.ConditionEvaluationReportLoggingListener [main] 

Error starting ApplicationContext. To display the conditions report re-run your application with 'debug' enabled.
2022-04-14 16:22:30,936 ERROR org.springframework.boot.diagnostics.LoggingFailureAnalysisReporter [main] 

***************************
APPLICATION FAILED TO START
***************************

Description:

Flyway failed to initialize: none of the following migration scripts locations could be found:

	- classpath:db/migration


Action:

Review the locations above or check your Flyway configuration

2022-04-14 16:22:30,943 ERROR org.springframework.test.context.TestContextManager [main] Caught exception while allowing TestExecutionListener [org.springframework.test.context.web.ServletTestExecutionListener@37ddb69a] to prepare test instance [com.rofik.springpostgres.SpringStarterApplicationTests@3bed3315]
java.lang.IllegalStateException: Failed to load ApplicationContext
	at org.springframework.test.context.cache.DefaultCacheAwareContextLoaderDelegate.loadContext(DefaultCacheAwareContextLoaderDelegate.java:132)
	at org.springframework.test.context.support.DefaultTestContext.getApplicationContext(DefaultTestContext.java:124)
	at org.springframework.test.context.web.ServletTestExecutionListener.setUpRequestContextIfNecessary(ServletTestExecutionListener.java:190)
	at org.springframework.test.context.web.ServletTestExecutionListener.prepareTestInstance(ServletTestExecutionListener.java:132)
	at org.springframework.test.context.TestContextManager.prepareTestInstance(TestContextManager.java:248)
	at org.springframework.test.context.junit.jupiter.SpringExtension.postProcessTestInstance(SpringExtension.java:138)
	at org.junit.jupiter.engine.descriptor.ClassBasedTestDescriptor.lambda$invokeTestInstancePostProcessors$8(ClassBasedTestDescriptor.java:363)
	at org.junit.jupiter.engine.descriptor.ClassBasedTestDescriptor.executeAndMaskThrowable(ClassBasedTestDescriptor.java:368)
	at org.junit.jupiter.engine.descriptor.ClassBasedTestDescriptor.lambda$invokeTestInstancePostProcessors$9(ClassBasedTestDescriptor.java:363)
	at java.base/java.util.stream.ReferencePipeline$3$1.accept(ReferencePipeline.java:197)
	at java.base/java.util.stream.ReferencePipeline$2$1.accept(ReferencePipeline.java:179)
	at java.base/java.util.ArrayList$ArrayListSpliterator.forEachRemaining(ArrayList.java:1625)
	at java.base/java.util.stream.AbstractPipeline.copyInto(AbstractPipeline.java:509)
	at java.base/java.util.stream.AbstractPipeline.wrapAndCopyInto(AbstractPipeline.java:499)
	at java.base/java.util.stream.StreamSpliterators$WrappingSpliterator.forEachRemaining(StreamSpliterators.java:310)
	at java.base/java.util.stream.Streams$ConcatSpliterator.forEachRemaining(Streams.java:735)
	at java.base/java.util.stream.Streams$ConcatSpliterator.forEachRemaining(Streams.java:734)
	at java.base/java.util.stream.ReferencePipeline$Head.forEach(ReferencePipeline.java:762)
	at org.junit.jupiter.engine.descriptor.ClassBasedTestDescriptor.invokeTestInstancePostProcessors(ClassBasedTestDescriptor.java:362)
	at org.junit.jupiter.engine.descriptor.ClassBasedTestDescriptor.lambda$instantiateAndPostProcessTestInstance$6(ClassBasedTestDescriptor.java:283)
	at org.junit.platform.engine.support.hierarchical.ThrowableCollector.execute(ThrowableCollector.java:73)
	at org.junit.jupiter.engine.descriptor.ClassBasedTestDescriptor.instantiateAndPostProcessTestInstance(ClassBasedTestDescriptor.java:282)
	at org.junit.jupiter.engine.descriptor.ClassBasedTestDescriptor.lambda$testInstancesProvider$4(ClassBasedTestDescriptor.java:272)
	at java.base/java.util.Optional.orElseGet(Optional.java:364)
	at org.junit.jupiter.engine.descriptor.ClassBasedTestDescriptor.lambda$testInstancesProvider$5(ClassBasedTestDescriptor.java:271)
	at org.junit.jupiter.engine.execution.TestInstancesProvider.getTestInstances(TestInstancesProvider.java:31)
	at org.junit.jupiter.engine.descriptor.TestMethodTestDescriptor.lambda$prepare$0(TestMethodTestDescriptor.java:102)
	at org.junit.platform.engine.support.hierarchical.ThrowableCollector.execute(ThrowableCollector.java:73)
	at org.junit.jupiter.engine.descriptor.TestMethodTestDescriptor.prepare(TestMethodTestDescriptor.java:101)
	at org.junit.jupiter.engine.descriptor.TestMethodTestDescriptor.prepare(TestMethodTestDescriptor.java:66)
	at org.junit.platform.engine.support.hierarchical.NodeTestTask.lambda$prepare$2(NodeTestTask.java:123)
	at org.junit.platform.engine.support.hierarchical.ThrowableCollector.execute(ThrowableCollector.java:73)
	at org.junit.platform.engine.support.hierarchical.NodeTestTask.prepare(NodeTestTask.java:123)
	at org.junit.platform.engine.support.hierarchical.NodeTestTask.execute(NodeTestTask.java:90)
	at java.base/java.util.ArrayList.forEach(ArrayList.java:1511)
	at org.junit.platform.engine.support.hierarchical.SameThreadHierarchicalTestExecutorService.invokeAll(SameThreadHierarchicalTestExecutorService.java:41)
	at org.junit.platform.engine.support.hierarchical.NodeTestTask.lambda$executeRecursively$6(NodeTestTask.java:155)
	at org.junit.platform.engine.support.hierarchical.ThrowableCollector.execute(ThrowableCollector.java:73)
	at org.junit.platform.engine.support.hierarchical.NodeTestTask.lambda$executeRecursively$8(NodeTestTask.java:141)
	at org.junit.platform.engine.support.hierarchical.Node.around(Node.java:137)
	at org.junit.platform.engine.support.hierarchical.NodeTestTask.lambda$executeRecursively$9(NodeTestTask.java:139)
	at org.junit.platform.engine.support.hierarchical.ThrowableCollector.execute(ThrowableCollector.java:73)
	at org.junit.platform.engine.support.hierarchical.NodeTestTask.executeRecursively(NodeTestTask.java:138)
	at org.junit.platform.engine.support.hierarchical.NodeTestTask.execute(NodeTestTask.java:95)
	at java.base/java.util.ArrayList.forEach(ArrayList.java:1511)
	at org.junit.platform.engine.support.hierarchical.SameThreadHierarchicalTestExecutorService.invokeAll(SameThreadHierarchicalTestExecutorService.java:41)
	at org.junit.platform.engine.support.hierarchical.NodeTestTask.lambda$executeRecursively$6(NodeTestTask.java:155)
	at org.junit.platform.engine.support.hierarchical.ThrowableCollector.execute(ThrowableCollector.java:73)
	at org.junit.platform.engine.support.hierarchical.NodeTestTask.lambda$executeRecursively$8(NodeTestTask.java:141)
	at org.junit.platform.engine.support.hierarchical.Node.around(Node.java:137)
	at org.junit.platform.engine.support.hierarchical.NodeTestTask.lambda$executeRecursively$9(NodeTestTask.java:139)
	at org.junit.platform.engine.support.hierarchical.ThrowableCollector.execute(ThrowableCollector.java:73)
	at org.junit.platform.engine.support.hierarchical.NodeTestTask.executeRecursively(NodeTestTask.java:138)
	at org.junit.platform.engine.support.hierarchical.NodeTestTask.execute(NodeTestTask.java:95)
	at org.junit.platform.engine.support.hierarchical.SameThreadHierarchicalTestExecutorService.submit(SameThreadHierarchicalTestExecutorService.java:35)
	at org.junit.platform.engine.support.hierarchical.HierarchicalTestExecutor.execute(HierarchicalTestExecutor.java:57)
	at org.junit.platform.engine.support.hierarchical.HierarchicalTestEngine.execute(HierarchicalTestEngine.java:54)
	at org.junit.platform.launcher.core.DefaultLauncher.execute(DefaultLauncher.java:220)
	at org.junit.platform.launcher.core.DefaultLauncher.lambda$execute$6(DefaultLauncher.java:188)
	at org.junit.platform.launcher.core.DefaultLauncher.withInterceptedStreams(DefaultLauncher.java:202)
	at org.junit.platform.launcher.core.DefaultLauncher.execute(DefaultLauncher.java:181)
	at org.junit.platform.launcher.core.DefaultLauncher.execute(DefaultLauncher.java:128)
	at org.apache.maven.surefire.junitplatform.JUnitPlatformProvider.invokeAllTests(JUnitPlatformProvider.java:150)
	at org.apache.maven.surefire.junitplatform.JUnitPlatformProvider.invoke(JUnitPlatformProvider.java:124)
	at org.apache.maven.surefire.booter.ForkedBooter.invokeProviderInSameClassLoader(ForkedBooter.java:384)
	at org.apache.maven.surefire.booter.ForkedBooter.runSuitesInProcess(ForkedBooter.java:345)
	at org.apache.maven.surefire.booter.ForkedBooter.execute(ForkedBooter.java:126)
	at org.apache.maven.surefire.booter.ForkedBooter.main(ForkedBooter.java:418)
Caused by: org.springframework.beans.factory.BeanCreationException: Error creating bean with name 'flyway' defined in class path resource [org/springframework/boot/autoconfigure/flyway/FlywayAutoConfiguration$FlywayConfiguration.class]: Bean instantiation via factory method failed; nested exception is org.springframework.beans.BeanInstantiationException: Failed to instantiate [org.flywaydb.core.Flyway]: Factory method 'flyway' threw exception; nested exception is org.springframework.boot.autoconfigure.flyway.FlywayMigrationScriptMissingException: Cannot find migration scripts in: [classpath:db/migration] (please add migration scripts or check your Flyway configuration)
	at org.springframework.beans.factory.support.ConstructorResolver.instantiate(ConstructorResolver.java:658)
	at org.springframework.beans.factory.support.ConstructorResolver.instantiateUsingFactoryMethod(ConstructorResolver.java:638)
	at org.springframework.beans.factory.support.AbstractAutowireCapableBeanFactory.instantiateUsingFactoryMethod(AbstractAutowireCapableBeanFactory.java:1352)
	at org.springframework.beans.factory.support.AbstractAutowireCapableBeanFactory.createBeanInstance(AbstractAutowireCapableBeanFactory.java:1195)
	at org.springframework.beans.factory.support.AbstractAutowireCapableBeanFactory.doCreateBean(AbstractAutowireCapableBeanFactory.java:582)
	at org.springframework.beans.factory.support.AbstractAutowireCapableBeanFactory.createBean(AbstractAutowireCapableBeanFactory.java:542)
	at org.springframework.beans.factory.support.AbstractBeanFactory.lambda$doGetBean$0(AbstractBeanFactory.java:335)
	at org.springframework.beans.factory.support.DefaultSingletonBeanRegistry.getSingleton(DefaultSingletonBeanRegistry.java:234)
	at org.springframework.beans.factory.support.AbstractBeanFactory.doGetBean(AbstractBeanFactory.java:333)
	at org.springframework.beans.factory.support.AbstractBeanFactory.getBean(AbstractBeanFactory.java:208)
	at org.springframework.beans.factory.support.AbstractBeanFactory.doGetBean(AbstractBeanFactory.java:322)
	at org.springframework.beans.factory.support.AbstractBeanFactory.getBean(AbstractBeanFactory.java:208)
	at org.springframework.context.support.AbstractApplicationContext.getBean(AbstractApplicationContext.java:1154)
	at org.springframework.context.support.AbstractApplicationContext.finishBeanFactoryInitialization(AbstractApplicationContext.java:908)
	at org.springframework.context.support.AbstractApplicationContext.refresh(AbstractApplicationContext.java:583)
	at org.springframework.boot.SpringApplication.refresh(SpringApplication.java:740)
	at org.springframework.boot.SpringApplication.refreshContext(SpringApplication.java:415)
	at org.springframework.boot.SpringApplication.run(SpringApplication.java:303)
	at org.springframework.boot.test.context.SpringBootContextLoader.loadContext(SpringBootContextLoader.java:136)
	at org.springframework.test.context.cache.DefaultCacheAwareContextLoaderDelegate.loadContextInternal(DefaultCacheAwareContextLoaderDelegate.java:99)
	at org.springframework.test.context.cache.DefaultCacheAwareContextLoaderDelegate.loadContext(DefaultCacheAwareContextLoaderDelegate.java:124)
	... 67 common frames omitted
Caused by: org.springframework.beans.BeanInstantiationException: Failed to instantiate [org.flywaydb.core.Flyway]: Factory method 'flyway' threw exception; nested exception is org.springframework.boot.autoconfigure.flyway.FlywayMigrationScriptMissingException: Cannot find migration scripts in: [classpath:db/migration] (please add migration scripts or check your Flyway configuration)
	at org.springframework.beans.factory.support.SimpleInstantiationStrategy.instantiate(SimpleInstantiationStrategy.java:185)
	at org.springframework.beans.factory.support.ConstructorResolver.instantiate(ConstructorResolver.java:653)
	... 87 common frames omitted
Caused by: org.springframework.boot.autoconfigure.flyway.FlywayMigrationScriptMissingException: Cannot find migration scripts in: [classpath:db/migration] (please add migration scripts or check your Flyway configuration)
	at org.springframework.boot.autoconfigure.flyway.FlywayAutoConfiguration$FlywayConfiguration.checkLocationExists(FlywayAutoConfiguration.java:170)
	at org.springframework.boot.autoconfigure.flyway.FlywayAutoConfiguration$FlywayConfiguration.flyway(FlywayAutoConfiguration.java:118)
	at java.base/jdk.internal.reflect.NativeMethodAccessorImpl.invoke0(Native Method)
	at java.base/jdk.internal.reflect.NativeMethodAccessorImpl.invoke(NativeMethodAccessorImpl.java:77)
	at java.base/jdk.internal.reflect.DelegatingMethodAccessorImpl.invoke(DelegatingMethodAccessorImpl.java:43)
	at java.base/java.lang.reflect.Method.invoke(Method.java:568)
	at org.springframework.beans.factory.support.SimpleInstantiationStrategy.instantiate(SimpleInstantiationStrategy.java:154)
	... 88 common frames omitted
2022-04-14 16:23:43,829 INFO org.springframework.test.context.support.AbstractTestContextBootstrapper [main] Neither @ContextConfiguration nor @ContextHierarchy found for test class [com.rofik.springpostgres.SpringStarterApplicationTests], using SpringBootContextLoader
2022-04-14 16:23:43,841 INFO org.springframework.test.context.support.AbstractContextLoader [main] Could not detect default resource locations for test class [com.rofik.springpostgres.SpringStarterApplicationTests]: no resource found for suffixes {-context.xml, Context.groovy}.
2022-04-14 16:23:43,843 INFO org.springframework.test.context.support.AnnotationConfigContextLoaderUtils [main] Could not detect default configuration classes for test class [com.rofik.springpostgres.SpringStarterApplicationTests]: SpringStarterApplicationTests does not declare any static, non-private, non-final, nested classes annotated with @Configuration.
2022-04-14 16:23:44,006 INFO org.springframework.boot.test.context.SpringBootTestContextBootstrapper [main] Found @SpringBootConfiguration com.rofik.springpostgres.SpringStarterApplication for test class com.rofik.springpostgres.SpringStarterApplicationTests
2022-04-14 16:23:44,191 INFO org.springframework.test.context.support.AbstractTestContextBootstrapper [main] Loaded default TestExecutionListener class names from location [META-INF/spring.factories]: [org.springframework.boot.test.mock.mockito.MockitoTestExecutionListener, org.springframework.boot.test.mock.mockito.ResetMocksTestExecutionListener, org.springframework.boot.test.autoconfigure.restdocs.RestDocsTestExecutionListener, org.springframework.boot.test.autoconfigure.web.client.MockRestServiceServerResetTestExecutionListener, org.springframework.boot.test.autoconfigure.web.servlet.MockMvcPrintOnlyOnFailureTestExecutionListener, org.springframework.boot.test.autoconfigure.web.servlet.WebDriverTestExecutionListener, org.springframework.boot.test.autoconfigure.webservices.client.MockWebServiceServerTestExecutionListener, org.springframework.test.context.web.ServletTestExecutionListener, org.springframework.test.context.support.DirtiesContextBeforeModesTestExecutionListener, org.springframework.test.context.event.ApplicationEventsTestExecutionListener, org.springframework.test.context.support.DependencyInjectionTestExecutionListener, org.springframework.test.context.support.DirtiesContextTestExecutionListener, org.springframework.test.context.transaction.TransactionalTestExecutionListener, org.springframework.test.context.jdbc.SqlScriptsTestExecutionListener, org.springframework.test.context.event.EventPublishingTestExecutionListener]
2022-04-14 16:23:44,218 INFO org.springframework.test.context.support.AbstractTestContextBootstrapper [main] Using TestExecutionListeners: [org.springframework.test.context.web.ServletTestExecutionListener@37ddb69a, org.springframework.test.context.support.DirtiesContextBeforeModesTestExecutionListener@349c1daf, org.springframework.test.context.event.ApplicationEventsTestExecutionListener@dfddc9a, org.springframework.boot.test.mock.mockito.MockitoTestExecutionListener@4b9df8a, org.springframework.boot.test.autoconfigure.SpringBootDependencyInjectionTestExecutionListener@5e8ac0e1, org.springframework.test.context.support.DirtiesContextTestExecutionListener@aafcffa, org.springframework.test.context.transaction.TransactionalTestExecutionListener@6955cb39, org.springframework.test.context.jdbc.SqlScriptsTestExecutionListener@235a0c16, org.springframework.test.context.event.EventPublishingTestExecutionListener@2b5f4d54, org.springframework.boot.test.mock.mockito.ResetMocksTestExecutionListener@5f7b97da, org.springframework.boot.test.autoconfigure.restdocs.RestDocsTestExecutionListener@18b0930f, org.springframework.boot.test.autoconfigure.web.client.MockRestServiceServerResetTestExecutionListener@6b7906b3, org.springframework.boot.test.autoconfigure.web.servlet.MockMvcPrintOnlyOnFailureTestExecutionListener@3a1dd365, org.springframework.boot.test.autoconfigure.web.servlet.WebDriverTestExecutionListener@395b56bb, org.springframework.boot.test.autoconfigure.webservices.client.MockWebServiceServerTestExecutionListener@256f8274]
2022-04-14 16:23:44,804 INFO org.springframework.boot.StartupInfoLogger [main] Starting SpringStarterApplicationTests using Java 17 on DESKTOP-R9I1IFT with PID 10532 (started by rofik in C:\Development\spring-starter)
2022-04-14 16:23:44,812 INFO org.springframework.boot.SpringApplication [main] No active profile set, falling back to 1 default profile: "default"
2022-04-14 16:23:45,814 INFO org.springframework.data.repository.config.RepositoryConfigurationDelegate [main] Bootstrapping Spring Data JPA repositories in DEFAULT mode.
2022-04-14 16:23:45,934 INFO org.springframework.data.repository.config.RepositoryConfigurationDelegate [main] Finished Spring Data repository scanning in 98 ms. Found 2 JPA repository interfaces.
2022-04-14 16:23:47,013 INFO org.hibernate.jpa.internal.util.LogHelper [main] HHH000204: Processing PersistenceUnitInfo [name: default]
2022-04-14 16:23:47,125 INFO org.hibernate.Version [main] HHH000412: Hibernate ORM core version 5.6.7.Final
2022-04-14 16:23:47,501 INFO org.hibernate.annotations.common.reflection.java.JavaReflectionManager [main] HCANN000001: Hibernate Commons Annotations {5.1.2.Final}
2022-04-14 16:23:47,755 INFO com.zaxxer.hikari.HikariDataSource [main] HikariPool-1 - Starting...
2022-04-14 16:23:47,976 INFO com.zaxxer.hikari.HikariDataSource [main] HikariPool-1 - Start completed.
2022-04-14 16:23:48,040 INFO org.hibernate.dialect.Dialect [main] HHH000400: Using dialect: org.hibernate.dialect.PostgreSQL10Dialect
2022-04-14 16:23:49,298 INFO org.hibernate.engine.transaction.jta.platform.internal.JtaPlatformInitiator [main] HHH000490: Using JtaPlatform implementation: [org.hibernate.engine.transaction.jta.platform.internal.NoJtaPlatform]
2022-04-14 16:23:49,309 INFO org.springframework.orm.jpa.AbstractEntityManagerFactoryBean [main] Initialized JPA EntityManagerFactory for persistence unit 'default'
2022-04-14 16:23:50,458 WARN org.springframework.boot.autoconfigure.orm.jpa.JpaBaseConfiguration$JpaWebConfiguration [main] spring.jpa.open-in-view is enabled by default. Therefore, database queries may be performed during view rendering. Explicitly configure spring.jpa.open-in-view to disable this warning
2022-04-14 16:23:51,446 INFO org.springframework.boot.StartupInfoLogger [main] Started SpringStarterApplicationTests in 7.168 seconds (JVM running for 8.798)
2022-04-14 16:23:51,948 INFO org.springframework.orm.jpa.AbstractEntityManagerFactoryBean [SpringApplicationShutdownHook] Closing JPA EntityManagerFactory for persistence unit 'default'
2022-04-14 16:23:51,952 INFO com.zaxxer.hikari.HikariDataSource [SpringApplicationShutdownHook] HikariPool-1 - Shutdown initiated...
2022-04-14 16:23:51,965 INFO com.zaxxer.hikari.HikariDataSource [SpringApplicationShutdownHook] HikariPool-1 - Shutdown completed.
2022-04-14 16:24:32,558 INFO org.springframework.boot.StartupInfoLogger [main] Starting SpringStarterApplication using Java 17 on DESKTOP-R9I1IFT with PID 1920 (C:\Development\spring-starter\target\classes started by rofik in C:\Development\spring-starter)
2022-04-14 16:24:32,562 INFO org.springframework.boot.SpringApplication [main] No active profile set, falling back to 1 default profile: "default"
2022-04-14 16:24:33,280 INFO org.springframework.data.repository.config.RepositoryConfigurationDelegate [main] Bootstrapping Spring Data JPA repositories in DEFAULT mode.
2022-04-14 16:24:33,345 INFO org.springframework.data.repository.config.RepositoryConfigurationDelegate [main] Finished Spring Data repository scanning in 54 ms. Found 2 JPA repository interfaces.
2022-04-14 16:24:33,993 INFO org.springframework.boot.web.embedded.tomcat.TomcatWebServer [main] Tomcat initialized with port(s): 8081 (http)
2022-04-14 16:24:34,005 INFO org.apache.juli.logging.DirectJDKLog [main] Initializing ProtocolHandler ["http-nio-8081"]
2022-04-14 16:24:34,006 INFO org.apache.juli.logging.DirectJDKLog [main] Starting service [Tomcat]
2022-04-14 16:24:34,008 INFO org.apache.juli.logging.DirectJDKLog [main] Starting Servlet engine: [Apache Tomcat/9.0.60]
2022-04-14 16:24:34,157 INFO org.apache.juli.logging.DirectJDKLog [main] Initializing Spring embedded WebApplicationContext
2022-04-14 16:24:34,157 INFO org.springframework.boot.web.servlet.context.ServletWebServerApplicationContext [main] Root WebApplicationContext: initialization completed in 1523 ms
2022-04-14 16:24:34,346 INFO org.hibernate.jpa.internal.util.LogHelper [main] HHH000204: Processing PersistenceUnitInfo [name: default]
2022-04-14 16:24:34,396 INFO org.hibernate.Version [main] HHH000412: Hibernate ORM core version 5.6.7.Final
2022-04-14 16:24:34,557 INFO org.hibernate.annotations.common.reflection.java.JavaReflectionManager [main] HCANN000001: Hibernate Commons Annotations {5.1.2.Final}
2022-04-14 16:24:34,658 INFO com.zaxxer.hikari.HikariDataSource [main] HikariPool-1 - Starting...
2022-04-14 16:24:34,783 INFO com.zaxxer.hikari.HikariDataSource [main] HikariPool-1 - Start completed.
2022-04-14 16:24:34,815 INFO org.hibernate.dialect.Dialect [main] HHH000400: Using dialect: org.hibernate.dialect.PostgreSQL10Dialect
2022-04-14 16:24:35,636 INFO org.hibernate.engine.transaction.jta.platform.internal.JtaPlatformInitiator [main] HHH000490: Using JtaPlatform implementation: [org.hibernate.engine.transaction.jta.platform.internal.NoJtaPlatform]
2022-04-14 16:24:35,646 INFO org.springframework.orm.jpa.AbstractEntityManagerFactoryBean [main] Initialized JPA EntityManagerFactory for persistence unit 'default'
2022-04-14 16:24:36,076 WARN org.springframework.boot.autoconfigure.orm.jpa.JpaBaseConfiguration$JpaWebConfiguration [main] spring.jpa.open-in-view is enabled by default. Therefore, database queries may be performed during view rendering. Explicitly configure spring.jpa.open-in-view to disable this warning
2022-04-14 16:24:36,411 INFO org.apache.juli.logging.DirectJDKLog [main] Starting ProtocolHandler ["http-nio-8081"]
2022-04-14 16:24:36,458 INFO org.springframework.boot.web.embedded.tomcat.TomcatWebServer [main] Tomcat started on port(s): 8081 (http) with context path '/api'
2022-04-14 16:24:36,467 INFO org.springframework.boot.StartupInfoLogger [main] Started SpringStarterApplication in 4.348 seconds (JVM running for 4.876)
2022-04-14 16:36:19,489 INFO org.springframework.test.context.support.AbstractTestContextBootstrapper [main] Neither @ContextConfiguration nor @ContextHierarchy found for test class [com.rofik.springpostgres.SpringStarterApplicationTests], using SpringBootContextLoader
2022-04-14 16:36:19,499 INFO org.springframework.test.context.support.AbstractContextLoader [main] Could not detect default resource locations for test class [com.rofik.springpostgres.SpringStarterApplicationTests]: no resource found for suffixes {-context.xml, Context.groovy}.
2022-04-14 16:36:19,500 INFO org.springframework.test.context.support.AnnotationConfigContextLoaderUtils [main] Could not detect default configuration classes for test class [com.rofik.springpostgres.SpringStarterApplicationTests]: SpringStarterApplicationTests does not declare any static, non-private, non-final, nested classes annotated with @Configuration.
2022-04-14 16:36:19,708 INFO org.springframework.boot.test.context.SpringBootTestContextBootstrapper [main] Found @SpringBootConfiguration com.rofik.springpostgres.SpringStarterApplication for test class com.rofik.springpostgres.SpringStarterApplicationTests
2022-04-14 16:36:19,907 INFO org.springframework.test.context.support.AbstractTestContextBootstrapper [main] Loaded default TestExecutionListener class names from location [META-INF/spring.factories]: [org.springframework.boot.test.mock.mockito.MockitoTestExecutionListener, org.springframework.boot.test.mock.mockito.ResetMocksTestExecutionListener, org.springframework.boot.test.autoconfigure.restdocs.RestDocsTestExecutionListener, org.springframework.boot.test.autoconfigure.web.client.MockRestServiceServerResetTestExecutionListener, org.springframework.boot.test.autoconfigure.web.servlet.MockMvcPrintOnlyOnFailureTestExecutionListener, org.springframework.boot.test.autoconfigure.web.servlet.WebDriverTestExecutionListener, org.springframework.boot.test.autoconfigure.webservices.client.MockWebServiceServerTestExecutionListener, org.springframework.test.context.web.ServletTestExecutionListener, org.springframework.test.context.support.DirtiesContextBeforeModesTestExecutionListener, org.springframework.test.context.event.ApplicationEventsTestExecutionListener, org.springframework.test.context.support.DependencyInjectionTestExecutionListener, org.springframework.test.context.support.DirtiesContextTestExecutionListener, org.springframework.test.context.transaction.TransactionalTestExecutionListener, org.springframework.test.context.jdbc.SqlScriptsTestExecutionListener, org.springframework.test.context.event.EventPublishingTestExecutionListener]
2022-04-14 16:36:19,941 INFO org.springframework.test.context.support.AbstractTestContextBootstrapper [main] Using TestExecutionListeners: [org.springframework.test.context.web.ServletTestExecutionListener@37ddb69a, org.springframework.test.context.support.DirtiesContextBeforeModesTestExecutionListener@349c1daf, org.springframework.test.context.event.ApplicationEventsTestExecutionListener@dfddc9a, org.springframework.boot.test.mock.mockito.MockitoTestExecutionListener@4b9df8a, org.springframework.boot.test.autoconfigure.SpringBootDependencyInjectionTestExecutionListener@5e8ac0e1, org.springframework.test.context.support.DirtiesContextTestExecutionListener@aafcffa, org.springframework.test.context.transaction.TransactionalTestExecutionListener@6955cb39, org.springframework.test.context.jdbc.SqlScriptsTestExecutionListener@235a0c16, org.springframework.test.context.event.EventPublishingTestExecutionListener@2b5f4d54, org.springframework.boot.test.mock.mockito.ResetMocksTestExecutionListener@5f7b97da, org.springframework.boot.test.autoconfigure.restdocs.RestDocsTestExecutionListener@18b0930f, org.springframework.boot.test.autoconfigure.web.client.MockRestServiceServerResetTestExecutionListener@6b7906b3, org.springframework.boot.test.autoconfigure.web.servlet.MockMvcPrintOnlyOnFailureTestExecutionListener@3a1dd365, org.springframework.boot.test.autoconfigure.web.servlet.WebDriverTestExecutionListener@395b56bb, org.springframework.boot.test.autoconfigure.webservices.client.MockWebServiceServerTestExecutionListener@256f8274]
2022-04-14 16:36:20,509 INFO org.springframework.boot.StartupInfoLogger [main] Starting SpringStarterApplicationTests using Java 17 on DESKTOP-R9I1IFT with PID 14876 (started by rofik in C:\Development\spring-starter)
2022-04-14 16:36:20,513 INFO org.springframework.boot.SpringApplication [main] No active profile set, falling back to 1 default profile: "default"
2022-04-14 16:36:21,830 INFO org.springframework.data.repository.config.RepositoryConfigurationDelegate [main] Bootstrapping Spring Data JPA repositories in DEFAULT mode.
2022-04-14 16:36:21,955 INFO org.springframework.data.repository.config.RepositoryConfigurationDelegate [main] Finished Spring Data repository scanning in 103 ms. Found 2 JPA repository interfaces.
2022-04-14 16:36:23,175 INFO org.hibernate.jpa.internal.util.LogHelper [main] HHH000204: Processing PersistenceUnitInfo [name: default]
2022-04-14 16:36:23,279 INFO org.hibernate.Version [main] HHH000412: Hibernate ORM core version 5.6.7.Final
2022-04-14 16:36:23,555 INFO org.hibernate.annotations.common.reflection.java.JavaReflectionManager [main] HCANN000001: Hibernate Commons Annotations {5.1.2.Final}
2022-04-14 16:36:23,816 INFO com.zaxxer.hikari.HikariDataSource [main] HikariPool-1 - Starting...
2022-04-14 16:36:23,992 INFO com.zaxxer.hikari.HikariDataSource [main] HikariPool-1 - Start completed.
2022-04-14 16:36:24,060 INFO org.hibernate.dialect.Dialect [main] HHH000400: Using dialect: org.hibernate.dialect.PostgreSQL10Dialect
2022-04-14 16:36:25,267 INFO org.hibernate.engine.transaction.jta.platform.internal.JtaPlatformInitiator [main] HHH000490: Using JtaPlatform implementation: [org.hibernate.engine.transaction.jta.platform.internal.NoJtaPlatform]
2022-04-14 16:36:25,278 INFO org.springframework.orm.jpa.AbstractEntityManagerFactoryBean [main] Initialized JPA EntityManagerFactory for persistence unit 'default'
2022-04-14 16:36:26,182 WARN org.springframework.boot.autoconfigure.orm.jpa.JpaBaseConfiguration$JpaWebConfiguration [main] spring.jpa.open-in-view is enabled by default. Therefore, database queries may be performed during view rendering. Explicitly configure spring.jpa.open-in-view to disable this warning
2022-04-14 16:36:26,931 INFO org.springframework.boot.StartupInfoLogger [main] Started SpringStarterApplicationTests in 6.905 seconds (JVM running for 8.718)
2022-04-14 16:36:27,304 INFO org.springframework.orm.jpa.AbstractEntityManagerFactoryBean [SpringApplicationShutdownHook] Closing JPA EntityManagerFactory for persistence unit 'default'
2022-04-14 16:36:27,307 INFO com.zaxxer.hikari.HikariDataSource [SpringApplicationShutdownHook] HikariPool-1 - Shutdown initiated...
2022-04-14 16:36:27,318 INFO com.zaxxer.hikari.HikariDataSource [SpringApplicationShutdownHook] HikariPool-1 - Shutdown completed.
2022-04-14 20:51:47,392 INFO org.springframework.test.context.support.AbstractTestContextBootstrapper [main] Neither @ContextConfiguration nor @ContextHierarchy found for test class [com.rofik.springpostgres.SpringStarterApplicationTests], using SpringBootContextLoader
2022-04-14 20:51:47,412 INFO org.springframework.test.context.support.AbstractContextLoader [main] Could not detect default resource locations for test class [com.rofik.springpostgres.SpringStarterApplicationTests]: no resource found for suffixes {-context.xml, Context.groovy}.
2022-04-14 20:51:47,414 INFO org.springframework.test.context.support.AnnotationConfigContextLoaderUtils [main] Could not detect default configuration classes for test class [com.rofik.springpostgres.SpringStarterApplicationTests]: SpringStarterApplicationTests does not declare any static, non-private, non-final, nested classes annotated with @Configuration.
2022-04-14 20:51:48,030 INFO org.springframework.boot.test.context.SpringBootTestContextBootstrapper [main] Found @SpringBootConfiguration com.rofik.springpostgres.SpringStarterApplication for test class com.rofik.springpostgres.SpringStarterApplicationTests
2022-04-14 20:51:48,567 INFO org.springframework.test.context.support.AbstractTestContextBootstrapper [main] Loaded default TestExecutionListener class names from location [META-INF/spring.factories]: [org.springframework.boot.test.mock.mockito.MockitoTestExecutionListener, org.springframework.boot.test.mock.mockito.ResetMocksTestExecutionListener, org.springframework.boot.test.autoconfigure.restdocs.RestDocsTestExecutionListener, org.springframework.boot.test.autoconfigure.web.client.MockRestServiceServerResetTestExecutionListener, org.springframework.boot.test.autoconfigure.web.servlet.MockMvcPrintOnlyOnFailureTestExecutionListener, org.springframework.boot.test.autoconfigure.web.servlet.WebDriverTestExecutionListener, org.springframework.boot.test.autoconfigure.webservices.client.MockWebServiceServerTestExecutionListener, org.springframework.test.context.web.ServletTestExecutionListener, org.springframework.test.context.support.DirtiesContextBeforeModesTestExecutionListener, org.springframework.test.context.event.ApplicationEventsTestExecutionListener, org.springframework.test.context.support.DependencyInjectionTestExecutionListener, org.springframework.test.context.support.DirtiesContextTestExecutionListener, org.springframework.test.context.transaction.TransactionalTestExecutionListener, org.springframework.test.context.jdbc.SqlScriptsTestExecutionListener, org.springframework.test.context.event.EventPublishingTestExecutionListener]
2022-04-14 20:51:48,683 INFO org.springframework.test.context.support.AbstractTestContextBootstrapper [main] Using TestExecutionListeners: [org.springframework.test.context.web.ServletTestExecutionListener@4b9df8a, org.springframework.test.context.support.DirtiesContextBeforeModesTestExecutionListener@5e8ac0e1, org.springframework.test.context.event.ApplicationEventsTestExecutionListener@aafcffa, org.springframework.boot.test.mock.mockito.MockitoTestExecutionListener@6955cb39, org.springframework.boot.test.autoconfigure.SpringBootDependencyInjectionTestExecutionListener@235a0c16, org.springframework.test.context.support.DirtiesContextTestExecutionListener@2b5f4d54, org.springframework.test.context.transaction.TransactionalTestExecutionListener@5f7b97da, org.springframework.test.context.jdbc.SqlScriptsTestExecutionListener@18b0930f, org.springframework.test.context.event.EventPublishingTestExecutionListener@6b7906b3, org.springframework.boot.test.mock.mockito.ResetMocksTestExecutionListener@3a1dd365, org.springframework.boot.test.autoconfigure.restdocs.RestDocsTestExecutionListener@395b56bb, org.springframework.boot.test.autoconfigure.web.client.MockRestServiceServerResetTestExecutionListener@256f8274, org.springframework.boot.test.autoconfigure.web.servlet.MockMvcPrintOnlyOnFailureTestExecutionListener@68044f4, org.springframework.boot.test.autoconfigure.web.servlet.WebDriverTestExecutionListener@52d239ba, org.springframework.boot.test.autoconfigure.webservices.client.MockWebServiceServerTestExecutionListener@315f43d5]
2022-04-14 20:51:49,988 INFO org.springframework.boot.StartupInfoLogger [main] Starting SpringStarterApplicationTests using Java 17 on DESKTOP-R9I1IFT with PID 14872 (started by rofik in C:\Development\spring-potgres)
2022-04-14 20:51:49,992 INFO org.springframework.boot.SpringApplication [main] No active profile set, falling back to 1 default profile: "default"
2022-04-14 20:51:53,495 INFO org.springframework.data.repository.config.RepositoryConfigurationDelegate [main] Bootstrapping Spring Data JPA repositories in DEFAULT mode.
2022-04-14 20:51:53,623 INFO org.springframework.data.repository.config.RepositoryConfigurationDelegate [main] Finished Spring Data repository scanning in 107 ms. Found 2 JPA repository interfaces.
2022-04-14 20:51:55,437 INFO com.zaxxer.hikari.HikariDataSource [main] HikariPool-1 - Starting...
2022-04-14 20:51:56,112 INFO com.zaxxer.hikari.HikariDataSource [main] HikariPool-1 - Start completed.
2022-04-14 20:51:56,258 INFO org.hibernate.jpa.internal.util.LogHelper [main] HHH000204: Processing PersistenceUnitInfo [name: default]
2022-04-14 20:51:56,484 INFO org.hibernate.Version [main] HHH000412: Hibernate ORM core version 5.6.7.Final
2022-04-14 20:51:57,032 INFO org.hibernate.annotations.common.reflection.java.JavaReflectionManager [main] HCANN000001: Hibernate Commons Annotations {5.1.2.Final}
2022-04-14 20:51:58,360 INFO org.hibernate.dialect.Dialect [main] HHH000400: Using dialect: org.hibernate.dialect.H2Dialect
2022-04-14 20:52:01,455 INFO org.hibernate.engine.transaction.jta.platform.internal.JtaPlatformInitiator [main] HHH000490: Using JtaPlatform implementation: [org.hibernate.engine.transaction.jta.platform.internal.NoJtaPlatform]
2022-04-14 20:52:01,513 INFO org.springframework.orm.jpa.AbstractEntityManagerFactoryBean [main] Initialized JPA EntityManagerFactory for persistence unit 'default'
2022-04-14 20:52:04,651 WARN org.springframework.boot.autoconfigure.orm.jpa.JpaBaseConfiguration$JpaWebConfiguration [main] spring.jpa.open-in-view is enabled by default. Therefore, database queries may be performed during view rendering. Explicitly configure spring.jpa.open-in-view to disable this warning
2022-04-14 20:52:07,349 INFO org.springframework.boot.StartupInfoLogger [main] Started SpringStarterApplicationTests in 18.489 seconds (JVM running for 24.892)
2022-04-14 20:52:08,230 INFO org.springframework.orm.jpa.AbstractEntityManagerFactoryBean [SpringApplicationShutdownHook] Closing JPA EntityManagerFactory for persistence unit 'default'
2022-04-14 20:52:08,233 INFO org.hibernate.tool.schema.internal.SchemaDropperImpl$DelayedDropActionImpl [SpringApplicationShutdownHook] HHH000477: Starting delayed evictData of schema as part of SessionFactory shut-down'
2022-04-14 20:52:08,262 INFO com.zaxxer.hikari.HikariDataSource [SpringApplicationShutdownHook] HikariPool-1 - Shutdown initiated...
2022-04-14 20:52:08,266 INFO com.zaxxer.hikari.HikariDataSource [SpringApplicationShutdownHook] HikariPool-1 - Shutdown completed.
